
			var _this = this;
			var structure_1 = [{
				header :'id',
				name:'id',
				hidden : true,
				 width: 120
			},
			{
			    header: '客户编号',
			    name: 'code',
			    width: 120
			},
			{
			    header: '姓名',
			    name: 'name'
			},{
			    header: '委托金额',
			    name: 'appAmount',	renderer: function(val) {
		    return (val && val>0) ? Cmw.getThousandths(val)+'元' : '';}
				},

			{
			    header: '性别',
			    name: 'sex',
			    width: 60,
			    renderer: function(val) {
			       return Render_dataSource.sexRender(val);
			    }
			},
			{
			    header: '手机',
			    name: 'phone',
			    width: 90
			},
			{
			    header: '电话',
			    name: 'contactTel',
			    width: 90
			},
			{
			    header: '出生日期',
			    name: 'birthday',
			    width: 90
			},
			{
			    header: 'eid',
			    name: 'eid',
			    width: 90
			}];
			
			var appgrid = new Ext.ux.grid.AppGrid({
			    title: '符合展期条件的客户',
			    structure: structure_1,
		  		 url : './fuCapitalPair_list.action',
			    needPage: false,
			    isLoad: false,
			    selectType:"check",
			    tbar : this.getToolBar(),
			    keyField: 'contractId'
			});
//			appgrid.addListener('dblclick',function(e){
//				_this.setValue();
//			});
			return appgrid;
		

			url : './fuShareInfoTran_list.action',
