超链接样式并添加超链接为弹出窗口
renderDispData : function(jsonData) {
			var _this = this;
			var codeid = this.addAHtml(jsonData, 'code', '点击查看申请单详情！');//为展期申请单添加连接
			var sysid = _this.params.sysId;			
            var extensionParams = {sysid:sysid,formId:jsonData["id"]};
			_this.viewExtensionDetailInfo(codeid,extensionParams);
			var params = {
				isAapply : true,
				parent : {selId : jsonData["id"]
			}};},
			
			


				viewExtensionDetailInfo : function(aid,extensionParams){
					var _this = this;
					var delay = new Ext.util.DelayedTask(function(){
						var ele = Ext.get(aid);
						if(!ele) return;
						ele.on('click',function(e){
							extensionParams.ele = ele;
							if(_this.appExtenCmpt){
								 _this.appExtenCmpt.show(extensionParams);
							}else{
								Cmw.importPackage('pages/app/funds/amountapply/AmountDetail.js',function(mode){
								 _this.appExtenCmpt = mode.WinEdit;
								  _this.appExtenCmpt.show(extensionParams);
								});
							}
						});
					});
					delay.delay(150);
				},

		addAHtml : function(jsonData, prop, title) {
					if (!jsonData[prop])
						return null;
					var aId = Ext.id(null, "VIEW_DETAIL_");
					var val = jsonData[prop];
					jsonData[prop] = "<a id='"
							+ aId
							+ "' href='javascript:void(0)'  class='hint--bottom' data-hint='"
							+ title + "'>" + val + "</a>";
					return aId;
				},
nodejs的开发使用:


