select (case when A.custType=0 then (select name from crm_customerInfo where id = A.customerId)
when A.custType=1 then (select name from crm_Ecustomer where id = A.customerId) else '' end) as name ,A.appAmount,C.payremark,A.yearLoan,A.monthLoan,A.dayLoan,A.payDate as appdate,
A.enddate,
C.Rate,case when C.payType='P0004' or C.payType='P0003' then '季' when C.payType='P0002' 
or C.payType='P0001' then '月' end as payType,A.payAccount,A.payBank,A.accName,A.clause,D.code as Dcode,A.payDay
from fc_LoanContract A 
inner join fc_Apply C on A.formId=C.id 
left join fc_GuaContract as D on D.loanConId=A.id
where A.id={loanId} and A.isenabled = 1











借 款 合 同
出借方：   丁伟          身份证号： 650104196610243333                    
借款方：   夏杰          身份证号： 320324198204082537                    
借款方：                 身份证号：                                      
担保方：                 身份证号：                                       
 
以上各方本着自愿的原则达成如下协议：
出借方交付借款方人民币（大写）              元整，（小写）￥             元，借款利息另行协商。
转款前借款方先支付      年   月    日至      年   月   日 的利息，约定每月的     日
    按时支付借款约定月利息。
借款期限为：        个月（自      年   月    日至      年   月   日）。
 
还款日期和方式：借款期限届满，借款方保证按期如数偿还上述借款，否则借款方承担违约责任，按借款额百分之        计算违约金。
借款期限届满，如借款方不能及时归还上述借款，又未与出借方达成延期还款协议的，借款方有义务清偿上述借款。从逾期之日起至上述借款全部清偿前，借款方应承担下列费用：（1）借款本金；（2）出借人实现其债权的一切费用（包括诉讼费、执行费、律师费、误工费、差旅费等）。
 
借款方与出借方一致认可本借款合同经公证后即为赋予强制执行效力的债权文书。
借款方到期不偿还上述借款，自愿以其名下的位于 乌市新市区喀什东路221号高3栋2单元503 住宅（ 商铺）或其他的固定资产、存款、债权及个人所有的其他合法财产向出借方偿还上述借款和出借人实现其债权的一切费用，并自愿接受人民法院的强制执行，不提出任何异议。
 
本合同自出借人提供借款时生效，本合同系借款方与出借方自愿订立，保证遵照执行。
出借方承诺：在借款方遵守合同准时付息及偿还本金的情况下，不得私自处置借款人抵押物。
 
 
           出借方：                         借款方：
 
                                       年       月       日









 <!doctype html>
<html>
<head>
<meta charset="utf-8">
<title>车辆抵押（质押）合同 </title>
</head>

<body>
<p align="center"><strong>车辆抵押（质押）合同 </strong><br>
  <strong>甲方：</strong> <u>             </u>  身份证号码：<u>                               </u> <br>
  地址：<u>                                   </u>  电话：<u>                  </u><br>
  <strong>乙方：</strong><u>   </u><u>刘兴中           </u>  身份证号码：<u>  511023196003155319                              </u><br>
  地址：<u>                                   </u>  电话：<u>                  </u><br>
  甲、乙、两方经平等协商，现就乙方将其车辆抵押（质押）给甲方等有关事项，自愿签订如下合同，各方都必须严格遵守： <br>
  <strong>第一条 </strong>乙方现有<u>      丰田      </u>（车牌）<u>      凯美瑞       </u>（品牌及型号）汽车一辆，该车发动机号码为<u>      C474289       </u>、车辆识别代码为<u>  LVGBE40K68G247560               </u>，系乙方于<u>   2014    </u>年<u> 1 </u>月<u> 2 </u>&nbsp;日以<u>           </u>元购得。乙方郑重承诺该车购车款已全部付清，且不存在车辆权属争议，否则相关法律后果均由乙方承担。 <br>
  <strong>第二条 </strong>乙方自愿以上述车辆作为对乙方所欠甲方债务的担保承诺（详见借款承诺），担保范围包括主债权及利息、违约金、损害赔偿金和甲方实现债权的费用。 <br>
  <strong>第三条</strong> 乙方应当在本合同签订时将上述车辆抵押（质押）给甲方，承担办理抵押登记、公证、评估、鉴定、运输及保管等费用，并在本协议签订时将上述车辆转交给甲方占有。 <br>
  <strong>第四条 </strong>在本协议签订时，乙方应当将上述车辆的行驶证（原件）、机动车辆登记证（原件）、保险单及相关保险材料交付给甲方保管。交甲方保管的上述证件、资料，乙方不得以遗失、被盗等为由而另行补办，否则甲方将依法追究其刑事责任。 <br>
  <strong>第五条</strong> 甲方应当选择适当的停放地点停放该车辆，但是停放车辆的费用由乙方承担。除为停放车辆、变更停放地点而需移动车辆外，甲方不得将该车辆用于自行使用或出借给他人使用。 <br>
  <strong>第六条</strong> 甲方对该车辆负有妥善保管的义务，如因甲方保管不善而导致车辆灭失或者毁损的，由甲方承担民事责任。但是，乙方已为该车辆办理了划痕险、玻璃险、车损险等相关保险的，乙方所受损失应当首先通过保险理赔来解决，甲方仅对因保管不善所致的毁损灭失且未能获得保险理赔的部分承担责任。如乙方没有为该车辆办理上述相关保险，则甲方应当要求乙方为该车辆办理上述相关保险并由乙方承担保险费；乙方未办理的，则甲方在可能获得保险理赔的范围内无需向乙方承担责任。 <br>
  <strong>第七条</strong> 乙方在债务履行期届满后履行了全部债务的，或者乙方提前清偿所担保的债权的，则甲方应当及时返还车辆及行驶证、保险单等证件资料。 <br>
  <strong>第八条</strong>出现下列情况之一时，甲方有权处置抵押车辆： <br>
  1．合同约定的还款期限已到，借款人未依约偿还借款本息。 <br>
  2．借款人发生意外无法履行合同。 <br>
  3．借款人被宣告解散、破产。 <br>
  处理抵押车辆所得价款，不足以偿还贷款本息和费用的，甲方有权另行追索；价款偿还贷款本息还有余的，甲方应退还给乙方。 <br>
  <strong>第九条</strong>本合同一式二份，甲、乙、二方各执一份，自甲、乙、二方签字并且乙方将上述车辆移交给甲方占有时生效。各方均郑重承诺在签字前已详读、准确理解并自愿遵守本合同全部条款。 </p>
<p><strong>甲方（签名）：<u>                </u>    乙方（签名）：<u>                </u>       </strong></p>
<p><strong>日期：<u>       </u>年<u>   </u>月<u>   </u></strong><strong> </strong></p>
<div>
  <div> </div>
</div>
</body>
</html>











<!doctype html>
<html>
<head>
<meta charset="utf-8">
<title>玉器借款合同</title>
</head>

<body>
<p align="center"><strong>借</strong><strong> </strong><strong>款</strong><strong> </strong><strong>合</strong><strong> </strong><strong>同</strong><strong> </strong></p>
<p>出借方：<u>      </u>   身份证号：<u>                                        </u></p>
<p>借款方：<u>     </u>  身份证号：<u>                                         </u></p>
<p><u>&nbsp;</u></p>
<p>以上各方本着自愿的原则达成如下协议： </p>
<ol>
  <li>出借方给借款方人民币（大写）<u>               </u>元整，（小写）￥<u>              </u> 元，借款利息为借款额度的<u>3.5%</u>。&nbsp; </li>
</ol>
<p>&nbsp;</p>
<ol>
  <li>借款期限为：<u>        </u>个月（自<u>      </u>年<u>   </u>月<u>    </u>日至<u>      </u>年<u>   </u>月<u>   </u>日）。 </li>
</ol>
<ol>
  <li>还款日期和方式：借款期限届满，借款方保证按期如数偿还上述借款，否则借款方承担违约责任，按借款额百分之<u>  30%</u>&nbsp;<u>  </u>计算违约金。 </li>
</ol>
<p>&nbsp;</p>
<ol>
  <li>借款期限届满，如借款方不能及时归还上述借款，又未与出借方达成延期还款协议的，出借方有权利处理抵押玉器清偿上述借款。 </li>
</ol>
<ol>
  <li>借款方到期不偿还上述借款，自愿以其名下抵押给出借人的<u>玉器</u><u> </u>&nbsp;偿还上述借款不提出任何异议。 </li>
</ol>
<p>&nbsp;</p>
<ol>
  <li>本合同自出借人提供借款时生效，本合同系借款方与出借方自愿订立，保证遵照执行。 </li>
</ol>
<p>七、抵押玉器共计<u>         </u><u>件</u>，重量合计<u>        </u><u>克</u></p>
<p>&nbsp;</p>
<p>           出借方：                         借款方： </p>
<p>&nbsp;</p>
<p>                                        年       月       日 </p>
<p>&nbsp;</p>
<div>
  <div> </div>
  <div> </div>
  <div> </div>
</div>
</body>
</html>








