<!doctype html>
<html>
<head>
<meta charset="utf-8">
<title>无标题文档</title>
</head>

<body>
<p align="center"><strong>借</strong><strong> </strong><strong>款</strong><strong> </strong><strong>合</strong><strong> </strong><strong>同</strong><strong> </strong></p>
<p>出借方：<u>   </u><u>丁伟</u><u>       </u>   身份证号：<u> 650104196610243333                    </u></p>
<p>借款方：<u>   </u><u>夏杰</u><u>       </u>   身份证号：<u> 320324198204082537                    </u></p>
<p>借款方：<u>               </u>   身份证号：<u>                                       </u></p>
<p>担保方：<u>              </u>   身份证号：<u>                                        </u></p>
<p><u>&nbsp;</u></p>
<p>以上各方本着自愿的原则达成如下协议： </p>
<ol>
  <li>出借方交付借款方人民币（大写）<u>              </u>元整，（小写）￥<u>            </u> 元，借款利息另行协商。 </li>
  <li>转款前借款方先支付<u>      </u>年<u>   </u>月<u>    </u>日至<u>      </u>年<u>   </u>月<u>   </u>日&nbsp;的利息，约定每月的<u>    </u>&nbsp;<u>日</u></li>
</ol>
<p>    按时支付借款约定月利息。 </p>
<ol>
  <li>借款期限为：<u>        </u>个月（自<u>      </u>年<u>   </u>月<u>    </u>日至<u>      </u>年<u>   </u>月<u>   </u>日）。 </li>
</ol>
<p>&nbsp;</p>
<ol>
  <li>还款日期和方式：借款期限届满，借款方保证按期如数偿还上述借款，否则借款方承担违约责任，按借款额百分之<u>       </u>&nbsp;计算违约金。 </li>
</ol>
<ol>
  <li>借款期限届满，如借款方不能及时归还上述借款，又未与出借方达成延期还款协议的，借款方有义务清偿上述借款。从逾期之日起至上述借款全部清偿前，借款方应承担下列费用：（1）借款本金；（2）出借人实现其债权的一切费用（包括诉讼费、执行费、律师费、误工费、差旅费等）。 </li>
</ol>
<p>&nbsp;</p>
<ol>
  <li>借款方与出借方一致认可本借款合同经公证后即为赋予强制执行效力的债权文书。 </li>
</ol>
<ol>
  <li>借款方到期不偿还上述借款，自愿以其名下的位于<u> </u><u>乌市新市区喀什东路</u><u>221</u><u>号高</u><u>3</u><u>栋</u><u>2</u><u>单元</u><u>503 </u>住宅（&nbsp;商铺）或其他的固定资产、存款、债权及个人所有的其他合法财产向出借方偿还上述借款和出借人实现其债权的一切费用，并自愿接受人民法院的强制执行，不提出任何异议。 </li>
</ol>
<p>&nbsp;</p>
<ol>
  <li>本合同自出借人提供借款时生效，本合同系借款方与出借方自愿订立，保证遵照执行。 </li>
  <li>出借方承诺：在借款方遵守合同准时付息及偿还本金的情况下，不得私自处置借款人抵押物。 </li>
</ol>
<p>&nbsp;</p>
<p>&nbsp;</p>
<p>           出借方：                         借款方： </p>
<p>&nbsp;</p>
<p>                                       年       月       日 </p>
<div>
  <div> </div>
  <div> </div>
  <div> </div>
  <div> </div>
</div>
</body>
</html>



